❯ Building...
✔ Building...
Initial chunk files | Names                    |  Raw size
styles.css          | styles                   |  99.94 kB |
polyfills.js        | polyfills                |  90.20 kB |
main.js             | main                     |   3.27 kB |
chunk-RVK5PRB6.js   | -                        |   1.71 kB |
chunk-Y5RQAIA6.js   | -                        |   1.50 kB |

                    | Initial total            | 196.62 kB

Lazy chunk files    | Names                    |  Raw size
chunk-FPQP7UR4.js   | main-view-component      | 103.91 kB |
chunk-HZ7SD6SJ.js   | workspace-list-component |  12.18 kB |
chunk-BZN2EC7V.js   | login-component          |   9.45 kB |
chunk-7VK6HSXZ.js   | -                        |   3.89 kB |
chunk-YKYFH6FP.js   | -                        |   3.64 kB |
chunk-R7VN7SBA.js   | -                        |   2.72 kB |

Application bundle generation complete. [4.356 seconds]

Watch mode enabled. Watching for file changes...
NOTE: Raw file sizes do not reflect development server per-request transformations.
  ➜  Local:   http://localhost:4200/
❯ Changes detected. Rebuilding...
✔ Changes detected. Rebuilding...
Initial chunk files | Names               |  Raw size
styles.css          | styles              | 100.00 kB |
main.js             | main                |   3.27 kB |

Lazy chunk files    | Names               |  Raw size
chunk-UORE4KWY.js   | main-view-component | 101.56 kB |

Application bundle generation complete. [1.823 seconds]

Page reload sent to client(s).
